 INFO: nweb starting:8081:7309
 INFO: request:GET /a.png HTTP/1.1**Host: localhost:8081**User-Agent: Mozilla/5.0 (X11; Linux x86_64; rv:37.0) Gecko/20100101 Firefox/37.0**Accept: text/html,application/xhtml+xml,application/xml;q=0.9,*/*;q=0.8**Accept-Language: es-ES,es;q=0.8,en-US;q=0.5,en;q=0.3**Accept-Encoding: gzip, deflate**Cookie: _ga=GA1.1.347783566.1432386567**Connection: keep-alive****:1
 INFO: SEND:a.png:1
 INFO: Header:HTTP/1.1 200 OK
Server: nweb/23.0
Content-Length: 118626
Connection: close
Content-Type: image/png

:1
 INFO: request:GET /ejemplo.html HTTP/1.1**Host: localhost:8081**User-Agent: Mozilla/5.0 (X11; Linux x86_64; rv:37.0) Gecko/20100101 Firefox/37.0**Accept: text/html,application/xhtml+xml,application/xml;q=0.9,*/*;q=0.8**Accept-Language: es-ES,es;q=0.8,en-US;q=0.5,en;q=0.3**Accept-Encoding: gzip, deflate**Cookie: _ga=GA1.1.347783566.1432386567**Connection: keep-alive****:2
 INFO: SEND:ejemplo.html:2
 INFO: Header:HTTP/1.1 200 OK
Server: nweb/23.0
Content-Length: 67
Connection: close
Content-Type: text/html

:2
 INFO: request:GET /blanco.jpeg HTTP/1.1**Host: localhost:8081**User-Agent: Mozilla/5.0 (X11; Linux x86_64; rv:37.0) Gecko/20100101 Firefox/37.0**Accept: text/html,application/xhtml+xml,application/xml;q=0.9,*/*;q=0.8**Accept-Language: es-ES,es;q=0.8,en-US;q=0.5,en;q=0.3**Accept-Encoding: gzip, deflate**Cookie: _ga=GA1.1.347783566.1432386567**Connection: keep-alive****:3
 INFO: SEND:blanco.jpeg:3
 INFO: Header:HTTP/1.1 200 OK
Server: nweb/23.0
Content-Length: 24376
Connection: close
Content-Type: image/jpeg

:3
 INFO: request:GET /blanco.jpega HTTP/1.1**Host: localhost:8081**User-Agent: Mozilla/5.0 (X11; Linux x86_64; rv:37.0) Gecko/20100101 Firefox/37.0**Accept: text/html,application/xhtml+xml,application/xml;q=0.9,*/*;q=0.8**Accept-Language: es-ES,es;q=0.8,en-US;q=0.5,en;q=0.3**Accept-Encoding: gzip, deflate**Cookie: _ga=GA1.1.347783566.1432386567**Connection: keep-alive****:4
FORBIDDEN: file extension type not supported:GET /blanco.jpega
FORBIDDEN: failed to read browser request:
 INFO: request:GET /blancao.jpeg HTTP/1.1**Host: localhost:8081**User-Agent: Mozilla/5.0 (X11; Linux x86_64; rv:37.0) Gecko/20100101 Firefox/37.0**Accept: text/html,application/xhtml+xml,application/xml;q=0.9,*/*;q=0.8**Accept-Language: es-ES,es;q=0.8,en-US;q=0.5,en;q=0.3**Accept-Encoding: gzip, deflate**Cookie: _ga=GA1.1.347783566.1432386567**Connection: keep-alive****:6
NOT FOUND: failed to open file:blancao.jpeg
FORBIDDEN: failed to read browser request:
 INFO: request:GET /blanco.jpeg?a=1 HTTP/1.1**Host: localhost:8081**User-Agent: Mozilla/5.0 (X11; Linux x86_64; rv:37.0) Gecko/20100101 Firefox/37.0**Accept: text/html,application/xhtml+xml,application/xml;q=0.9,*/*;q=0.8**Accept-Language: es-ES,es;q=0.8,en-US;q=0.5,en;q=0.3**Accept-Encoding: gzip, deflate**Cookie: _ga=GA1.1.347783566.1432386567**Connection: keep-alive****:8
FORBIDDEN: file extension type not supported:GET /blanco.jpeg?a=1
 INFO: request:GET /blanco.jpeg HTTP/1.1**Host: localhost:8081**User-Agent: Mozilla/5.0 (X11; Linux x86_64; rv:37.0) Gecko/20100101 Firefox/37.0**Accept: text/html,application/xhtml+xml,application/xml;q=0.9,*/*;q=0.8**Accept-Language: es-ES,es;q=0.8,en-US;q=0.5,en;q=0.3**Accept-Encoding: gzip, deflate**Cookie: _ga=GA1.1.347783566.1432386567**Connection: keep-alive****:9
 INFO: SEND:blanco.jpeg:9
 INFO: Header:HTTP/1.1 200 OK
Server: nweb/23.0
Content-Length: 24376
Connection: close
Content-Type: image/jpeg

:9
 INFO: request:GET /blanco.jpeg HTTP/1.1**Host: localhost:8081**User-Agent: Mozilla/5.0 (X11; Linux x86_64; rv:37.0) Gecko/20100101 Firefox/37.0**Accept: text/html,application/xhtml+xml,application/xml;q=0.9,*/*;q=0.8**Accept-Language: es-ES,es;q=0.8,en-US;q=0.5,en;q=0.3**Accept-Encoding: gzip, deflate**Cookie: _ga=GA1.1.347783566.1432386567**Connection: keep-alive****:10
 INFO: SEND:blanco.jpeg:10
 INFO: Header:HTTP/1.1 200 OK
Server: nweb/23.0
Content-Length: 24376
Connection: close
Content-Type: image/jpeg

:10
 INFO: request:GET / HTTP/1.1**Host: localhost:8081**User-Agent: Mozilla/5.0 (X11; Linux x86_64; rv:37.0) Gecko/20100101 Firefox/37.0**Accept: text/html,application/xhtml+xml,application/xml;q=0.9,*/*;q=0.8**Accept-Language: es-ES,es;q=0.8,en-US;q=0.5,en;q=0.3**Accept-Encoding: gzip, deflate**Cookie: _ga=GA1.1.347783566.1432386567**Connection: keep-alive****:11
NOT FOUND: failed to open file:index.html
 INFO: request:GET / HTTP/1.1**Host: localhost:8081**User-Agent: Mozilla/5.0 (X11; Linux x86_64; rv:37.0) Gecko/20100101 Firefox/37.0**Accept: text/html,application/xhtml+xml,application/xml;q=0.9,*/*;q=0.8**Accept-Language: es-ES,es;q=0.8,en-US;q=0.5,en;q=0.3**Accept-Encoding: gzip, deflate**Cookie: _ga=GA1.1.347783566.1432386567**Connection: keep-alive****:12
NOT FOUND: failed to open file:index.html
 INFO: request:GET / HTTP/1.1**Host: localhost:8081**User-Agent: Mozilla/5.0 (X11; Linux x86_64; rv:37.0) Gecko/20100101 Firefox/37.0**Accept: text/html,application/xhtml+xml,application/xml;q=0.9,*/*;q=0.8**Accept-Language: es-ES,es;q=0.8,en-US;q=0.5,en;q=0.3**Accept-Encoding: gzip, deflate**Cookie: _ga=GA1.1.347783566.1432386567**Connection: keep-alive****:13
NOT FOUND: failed to open file:index.html
 INFO: request:GET /ejemplo.html HTTP/1.1**Host: localhost:8081**User-Agent: Mozilla/5.0 (X11; Linux x86_64; rv:37.0) Gecko/20100101 Firefox/37.0**Accept: text/html,application/xhtml+xml,application/xml;q=0.9,*/*;q=0.8**Accept-Language: es-ES,es;q=0.8,en-US;q=0.5,en;q=0.3**Accept-Encoding: gzip, deflate**Cookie: _ga=GA1.1.347783566.1432386567**Connection: keep-alive****:14
 INFO: SEND:ejemplo.html:14
 INFO: Header:HTTP/1.1 200 OK
Server: nweb/23.0
Content-Length: 67
Connection: close
Content-Type: text/html

:14
 INFO: request:GET /a.png HTTP/1.1**Host: localhost:8081**User-Agent: Mozilla/5.0 (X11; Linux x86_64; rv:37.0) Gecko/20100101 Firefox/37.0**Accept: text/html,application/xhtml+xml,application/xml;q=0.9,*/*;q=0.8**Accept-Language: es-ES,es;q=0.8,en-US;q=0.5,en;q=0.3**Accept-Encoding: gzip, deflate**Cookie: _ga=GA1.1.347783566.1432386567**Connection: keep-alive****:15
 INFO: SEND:a.png:15
 INFO: Header:HTTP/1.1 200 OK
Server: nweb/23.0
Content-Length: 118626
Connection: close
Content-Type: image/png

:15
 INFO: request:GET /blanco.jpeg HTTP/1.1**Host: localhost:8081**User-Agent: Mozilla/5.0 (X11; Linux x86_64; rv:37.0) Gecko/20100101 Firefox/37.0**Accept: text/html,application/xhtml+xml,application/xml;q=0.9,*/*;q=0.8**Accept-Language: es-ES,es;q=0.8,en-US;q=0.5,en;q=0.3**Accept-Encoding: gzip, deflate**Cookie: _ga=GA1.1.347783566.1432386567**Connection: keep-alive****:16
 INFO: SEND:blanco.jpeg:16
 INFO: Header:HTTP/1.1 200 OK
Server: nweb/23.0
Content-Length: 24376
Connection: close
Content-Type: image/jpeg

:16
 INFO: request:GET /blanco.jpeg HTTP/1.1**Host: localhost:8081**User-Agent: Mozilla/5.0 (X11; Linux x86_64; rv:37.0) Gecko/20100101 Firefox/37.0**Accept: text/html,application/xhtml+xml,application/xml;q=0.9,*/*;q=0.8**Accept-Language: es-ES,es;q=0.8,en-US;q=0.5,en;q=0.3**Accept-Encoding: gzip, deflate**Cookie: _ga=GA1.1.347783566.1432386567**Connection: keep-alive****:17
 INFO: SEND:blanco.jpeg:17
 INFO: Header:HTTP/1.1 200 OK
Server: nweb/23.0
Content-Length: 24376
Connection: close
Content-Type: image/jpeg

:17
 INFO: request:GET /ejemplo.html HTTP/1.1**Host: localhost:8081**User-Agent: Mozilla/5.0 (X11; Linux x86_64; rv:37.0) Gecko/20100101 Firefox/37.0**Accept: text/html,application/xhtml+xml,application/xml;q=0.9,*/*;q=0.8**Accept-Language: es-ES,es;q=0.8,en-US;q=0.5,en;q=0.3**Accept-Encoding: gzip, deflate**Cookie: _ga=GA1.1.347783566.1432386567**Connection: keep-alive****:18
 INFO: SEND:ejemplo.html:18
 INFO: Header:HTTP/1.1 200 OK
Server: nweb/23.0
Content-Length: 67
Connection: close
Content-Type: text/html

:18
 INFO: request:GET /a.png HTTP/1.1**Host: localhost:8081**User-Agent: Mozilla/5.0 (X11; Linux x86_64; rv:37.0) Gecko/20100101 Firefox/37.0**Accept: text/html,application/xhtml+xml,application/xml;q=0.9,*/*;q=0.8**Accept-Language: es-ES,es;q=0.8,en-US;q=0.5,en;q=0.3**Accept-Encoding: gzip, deflate**Cookie: _ga=GA1.1.347783566.1432386567**Connection: keep-alive****:19
 INFO: SEND:a.png:19
 INFO: Header:HTTP/1.1 200 OK
Server: nweb/23.0
Content-Length: 118626
Connection: close
Content-Type: image/png

:19
 INFO: request:GET /a.png HTTP/1.1**Host: localhost:8081**User-Agent: Mozilla/5.0 (X11; Linux x86_64; rv:37.0) Gecko/20100101 Firefox/37.0**Accept: text/html,application/xhtml+xml,application/xml;q=0.9,*/*;q=0.8**Accept-Language: es-ES,es;q=0.8,en-US;q=0.5,en;q=0.3**Accept-Encoding: gzip, deflate**Cookie: _ga=GA1.1.347783566.1432386567**Connection: keep-alive****:20
 INFO: SEND:a.png:20
 INFO: Header:HTTP/1.1 200 OK
Server: nweb/23.0
Content-Length: 118626
Connection: close
Content-Type: image/png

:20
 INFO: request:GET /a.png?a=1 HTTP/1.1**Host: localhost:8081**User-Agent: Mozilla/5.0 (X11; Linux x86_64; rv:37.0) Gecko/20100101 Firefox/37.0**Accept: text/html,application/xhtml+xml,application/xml;q=0.9,*/*;q=0.8**Accept-Language: es-ES,es;q=0.8,en-US;q=0.5,en;q=0.3**Accept-Encoding: gzip, deflate**Cookie: _ga=GA1.1.347783566.1432386567**Connection: keep-alive****:21
FORBIDDEN: file extension type not supported:GET /a.png?a=1
 INFO: request:GET /a.png HTTP/1.1**Host: localhost:8081**User-Agent: Mozilla/5.0 (X11; Linux x86_64; rv:37.0) Gecko/20100101 Firefox/37.0**Accept: text/html,application/xhtml+xml,application/xml;q=0.9,*/*;q=0.8**Accept-Language: es-ES,es;q=0.8,en-US;q=0.5,en;q=0.3**Accept-Encoding: gzip, deflate**Cookie: _ga=GA1.1.347783566.1432386567**Connection: keep-alive****:22
 INFO: SEND:a.png:22
 INFO: Header:HTTP/1.1 200 OK
Server: nweb/23.0
Content-Length: 118626
Connection: close
Content-Type: image/png

:22
 INFO: request:GET /a.pnga HTTP/1.1**Host: localhost:8081**User-Agent: Mozilla/5.0 (X11; Linux x86_64; rv:37.0) Gecko/20100101 Firefox/37.0**Accept: text/html,application/xhtml+xml,application/xml;q=0.9,*/*;q=0.8**Accept-Language: es-ES,es;q=0.8,en-US;q=0.5,en;q=0.3**Accept-Encoding: gzip, deflate**Cookie: _ga=GA1.1.347783566.1432386567**Connection: keep-alive****:23
FORBIDDEN: file extension type not supported:GET /a.pnga
 INFO: request:GET /aa.png HTTP/1.1**Host: localhost:8081**User-Agent: Mozilla/5.0 (X11; Linux x86_64; rv:37.0) Gecko/20100101 Firefox/37.0**Accept: text/html,application/xhtml+xml,application/xml;q=0.9,*/*;q=0.8**Accept-Language: es-ES,es;q=0.8,en-US;q=0.5,en;q=0.3**Accept-Encoding: gzip, deflate**Cookie: _ga=GA1.1.347783566.1432386567**Connection: keep-alive****:24
NOT FOUND: failed to open file:aa.png
 INFO: request:GET /a.png HTTP/1.1**Host: localhost:8081**User-Agent: Mozilla/5.0 (X11; Linux x86_64; rv:37.0) Gecko/20100101 Firefox/37.0**Accept: text/html,application/xhtml+xml,application/xml;q=0.9,*/*;q=0.8**Accept-Language: es-ES,es;q=0.8,en-US;q=0.5,en;q=0.3**Accept-Encoding: gzip, deflate**Cookie: _ga=GA1.1.347783566.1432386567**Connection: keep-alive****:25
 INFO: SEND:a.png:25
 INFO: Header:HTTP/1.1 200 OK
Server: nweb/23.0
Content-Length: 118626
Connection: close
Content-Type: image/png

:25
 INFO: request:GET /a.png HTTP/1.1**Host: localhost:8081**User-Agent: Mozilla/5.0 (X11; Linux x86_64; rv:37.0) Gecko/20100101 Firefox/37.0**Accept: text/html,application/xhtml+xml,application/xml;q=0.9,*/*;q=0.8**Accept-Language: es-ES,es;q=0.8,en-US;q=0.5,en;q=0.3**Accept-Encoding: gzip, deflate**Cookie: _ga=GA1.1.347783566.1432386567**Connection: keep-alive****:26
 INFO: SEND:a.png:26
 INFO: Header:HTTP/1.1 200 OK
Server: nweb/23.0
Content-Length: 118626
Connection: close
Content-Type: image/png

:26
 INFO: request:GET /a.png?1 HTTP/1.1**Host: localhost:8081**User-Agent: Mozilla/5.0 (X11; Linux x86_64; rv:37.0) Gecko/20100101 Firefox/37.0**Accept: text/html,application/xhtml+xml,application/xml;q=0.9,*/*;q=0.8**Accept-Language: es-ES,es;q=0.8,en-US;q=0.5,en;q=0.3**Accept-Encoding: gzip, deflate**Cookie: _ga=GA1.1.347783566.1432386567**Connection: keep-alive****:27
FORBIDDEN: file extension type not supported:GET /a.png?1
 INFO: request:GET /a.png HTTP/1.1**Host: localhost:8081**User-Agent: Mozilla/5.0 (X11; Linux x86_64; rv:37.0) Gecko/20100101 Firefox/37.0**Accept: text/html,application/xhtml+xml,application/xml;q=0.9,*/*;q=0.8**Accept-Language: es-ES,es;q=0.8,en-US;q=0.5,en;q=0.3**Accept-Encoding: gzip, deflate**Cookie: _ga=GA1.1.347783566.1432386567**Connection: keep-alive****:28
 INFO: SEND:a.png:28
 INFO: Header:HTTP/1.1 200 OK
Server: nweb/23.0
Content-Length: 118626
Connection: close
Content-Type: image/png

:28
 INFO: request:GET /ejemplo.html HTTP/1.1**Host: localhost:8081**User-Agent: Mozilla/5.0 (X11; Linux x86_64; rv:37.0) Gecko/20100101 Firefox/37.0**Accept: text/html,application/xhtml+xml,application/xml;q=0.9,*/*;q=0.8**Accept-Language: es-ES,es;q=0.8,en-US;q=0.5,en;q=0.3**Accept-Encoding: gzip, deflate**Cookie: _ga=GA1.1.347783566.1432386567**Connection: keep-alive****:29
 INFO: SEND:ejemplo.html:29
 INFO: Header:HTTP/1.1 200 OK
Server: nweb/23.0
Content-Length: 67
Connection: close
Content-Type: text/html

:29
 INFO: request:GET /ejemplo.html HTTP/1.1**Host: localhost:8081**User-Agent: Mozilla/5.0 (X11; Linux x86_64; rv:37.0) Gecko/20100101 Firefox/37.0**Accept: text/html,application/xhtml+xml,application/xml;q=0.9,*/*;q=0.8**Accept-Language: es-ES,es;q=0.8,en-US;q=0.5,en;q=0.3**Accept-Encoding: gzip, deflate**Cookie: _ga=GA1.1.347783566.1432386567**Connection: keep-alive****:30
 INFO: SEND:ejemplo.html:30
 INFO: Header:HTTP/1.1 200 OK
Server: nweb/23.0
Content-Length: 67
Connection: close
Content-Type: text/html

:30
 INFO: request:GET /a.mp4 HTTP/1.1**Host: localhost:8081**User-Agent: Mozilla/5.0 (X11; Linux x86_64; rv:37.0) Gecko/20100101 Firefox/37.0**Accept: text/html,application/xhtml+xml,application/xml;q=0.9,*/*;q=0.8**Accept-Language: es-ES,es;q=0.8,en-US;q=0.5,en;q=0.3**Accept-Encoding: gzip, deflate**Cookie: _ga=GA1.1.347783566.1432386567**Connection: keep-alive****:31
FORBIDDEN: file extension type not supported:GET /a.mp4
 INFO: request:GET /a.mp4 HTTP/1.1**Host: localhost:8081**User-Agent: Mozilla/5.0 (X11; Linux x86_64; rv:37.0) Gecko/20100101 Firefox/37.0**Accept: text/html,application/xhtml+xml,application/xml;q=0.9,*/*;q=0.8**Accept-Language: es-ES,es;q=0.8,en-US;q=0.5,en;q=0.3**Accept-Encoding: gzip, deflate**Cookie: _ga=GA1.1.347783566.1432386567**Connection: keep-alive****:32
FORBIDDEN: file extension type not supported:GET /a.mp4
 INFO: request:GET /a.mp4 HTTP/1.1**Host: localhost:8081**User-Agent: Mozilla/5.0 (X11; Linux x86_64; rv:37.0) Gecko/20100101 Firefox/37.0**Accept: text/html,application/xhtml+xml,application/xml;q=0.9,*/*;q=0.8**Accept-Language: es-ES,es;q=0.8,en-US;q=0.5,en;q=0.3**Accept-Encoding: gzip, deflate**Cookie: _ga=GA1.1.347783566.1432386567**Connection: keep-alive****:33
FORBIDDEN: file extension type not supported:GET /a.mp4
 INFO: request:GET /a.png HTTP/1.1**Host: localhost:8081**User-Agent: Mozilla/5.0 (X11; Linux x86_64; rv:37.0) Gecko/20100101 Firefox/37.0**Accept: text/html,application/xhtml+xml,application/xml;q=0.9,*/*;q=0.8**Accept-Language: es-ES,es;q=0.8,en-US;q=0.5,en;q=0.3**Accept-Encoding: gzip, deflate**Cookie: _ga=GA1.1.347783566.1432386567**Connection: keep-alive****:34
 INFO: SEND:a.png:34
 INFO: Header:HTTP/1.1 200 OK
Server: nweb/23.0
Content-Length: 118626
Connection: close
Content-Type: image/png

:34
 INFO: nweb starting:8081:2635
 INFO: request:GET /a.png HTTP/1.1**Host: localhost:8081**User-Agent: Mozilla/5.0 (X11; Linux x86_64; rv:37.0) Gecko/20100101 Firefox/37.0**Accept: text/html,application/xhtml+xml,application/xml;q=0.9,*/*;q=0.8**Accept-Language: es-ES,es;q=0.8,en-US;q=0.5,en;q=0.3**Accept-Encoding: gzip, deflate**Cookie: _ga=GA1.1.347783566.1432386567**Connection: keep-alive****:1
 INFO: SEND:a.png:1
 INFO: Header:HTTP/1.1 200 OK
Server: nweb/23.0
Content-Length: 118626
Connection: close
Content-Type: image/png

:1
 INFO: request:GET /favicon.ico HTTP/1.1**Host: localhost:8081**User-Agent: Mozilla/5.0 (X11; Linux x86_64; rv:37.0) Gecko/20100101 Firefox/37.0**Accept: image/png,image/*;q=0.8,*/*;q=0.5**Accept-Language: es-ES,es;q=0.8,en-US;q=0.5,en;q=0.3**Accept-Encoding: gzip, deflate**Cookie: _ga=GA1.1.347783566.1432386567**Connection: keep-alive****:2
NOT FOUND: failed to open file:favicon.ico
 INFO: request:GET /favicon.ico HTTP/1.1**Host: localhost:8081**User-Agent: Mozilla/5.0 (X11; Linux x86_64; rv:37.0) Gecko/20100101 Firefox/37.0**Accept: text/html,application/xhtml+xml,application/xml;q=0.9,*/*;q=0.8**Accept-Language: es-ES,es;q=0.8,en-US;q=0.5,en;q=0.3**Accept-Encoding: gzip, deflate**Cookie: _ga=GA1.1.347783566.1432386567**Connection: keep-alive****:3
NOT FOUND: failed to open file:favicon.ico
 INFO: request:GET /a.mp4 HTTP/1.1**Host: localhost:8081**User-Agent: Mozilla/5.0 (X11; Linux x86_64; rv:37.0) Gecko/20100101 Firefox/37.0**Accept: text/html,application/xhtml+xml,application/xml;q=0.9,*/*;q=0.8**Accept-Language: es-ES,es;q=0.8,en-US;q=0.5,en;q=0.3**Accept-Encoding: gzip, deflate**Cookie: _ga=GA1.1.347783566.1432386567**Connection: keep-alive****:4
FORBIDDEN: file extension type not supported:GET /a.mp4
 INFO: request:GET /a.png HTTP/1.1**Host: localhost:8081**User-Agent: Mozilla/5.0 (X11; Linux x86_64; rv:37.0) Gecko/20100101 Firefox/37.0**Accept: text/html,application/xhtml+xml,application/xml;q=0.9,*/*;q=0.8**Accept-Language: es-ES,es;q=0.8,en-US;q=0.5,en;q=0.3**Accept-Encoding: gzip, deflate**Cookie: _ga=GA1.1.347783566.1432386567**Connection: keep-alive****:5
 INFO: SEND:a.png:5
 INFO: Header:HTTP/1.1 200 OK
Server: nweb/23.0
Content-Length: 118626
Connection: close
Content-Type: image/png

:5
 INFO: nweb starting:8086:3376
 INFO: request:GET /a.png HTTP/1.1**Host: localhost:8086**User-Agent: Mozilla/5.0 (X11; Linux x86_64; rv:37.0) Gecko/20100101 Firefox/37.0**Accept: text/html,application/xhtml+xml,application/xml;q=0.9,*/*;q=0.8**Accept-Language: es-ES,es;q=0.8,en-US;q=0.5,en;q=0.3**Accept-Encoding: gzip, deflate**Cookie: _ga=GA1.1.347783566.1432386567**Connection: keep-alive****:1
 INFO: SEND:a.png:1
 INFO: Header:HTTP/1.1 200 OK
Server: nweb/23.0
Content-Length: 118626
Connection: close
Content-Type: image/png

:1
 INFO: request:GET /favicon.ico HTTP/1.1**Host: localhost:8086**User-Agent: Mozilla/5.0 (X11; Linux x86_64; rv:37.0) Gecko/20100101 Firefox/37.0**Accept: image/png,image/*;q=0.8,*/*;q=0.5**Accept-Language: es-ES,es;q=0.8,en-US;q=0.5,en;q=0.3**Accept-Encoding: gzip, deflate**Cookie: _ga=GA1.1.347783566.1432386567**Connection: keep-alive****:2
NOT FOUND: failed to open file:favicon.ico
 INFO: request:GET /favicon.ico HTTP/1.1**Host: localhost:8086**User-Agent: Mozilla/5.0 (X11; Linux x86_64; rv:37.0) Gecko/20100101 Firefox/37.0**Accept: text/html,application/xhtml+xml,application/xml;q=0.9,*/*;q=0.8**Accept-Language: es-ES,es;q=0.8,en-US;q=0.5,en;q=0.3**Accept-Encoding: gzip, deflate**Cookie: _ga=GA1.1.347783566.1432386567**Connection: keep-alive****:3
NOT FOUND: failed to open file:favicon.ico
 INFO: nweb starting:8088:4627
 INFO: request:GET /a.png HTTP/1.1**Host: localhost:8088**User-Agent: Mozilla/5.0 (X11; Linux x86_64; rv:37.0) Gecko/20100101 Firefox/37.0**Accept: text/html,application/xhtml+xml,application/xml;q=0.9,*/*;q=0.8**Accept-Language: es-ES,es;q=0.8,en-US;q=0.5,en;q=0.3**Accept-Encoding: gzip, deflate**Cookie: _ga=GA1.1.347783566.1432386567**Connection: keep-alive****:1
 INFO: SEND:a.png:1
 INFO: Header:HTTP/1.1 200 OK
Server: nweb/23.0
Content-Length: 118626
Connection: close
Content-Type: image/png

:1
 INFO: request:GET /favicon.ico HTTP/1.1**Host: localhost:8088**User-Agent: Mozilla/5.0 (X11; Linux x86_64; rv:37.0) Gecko/20100101 Firefox/37.0**Accept: image/png,image/*;q=0.8,*/*;q=0.5**Accept-Language: es-ES,es;q=0.8,en-US;q=0.5,en;q=0.3**Accept-Encoding: gzip, deflate**Cookie: _ga=GA1.1.347783566.1432386567**Connection: keep-alive****:2
NOT FOUND: failed to open file:favicon.ico
 INFO: request:GET /favicon.ico HTTP/1.1**Host: localhost:8088**User-Agent: Mozilla/5.0 (X11; Linux x86_64; rv:37.0) Gecko/20100101 Firefox/37.0**Accept: text/html,application/xhtml+xml,application/xml;q=0.9,*/*;q=0.8**Accept-Language: es-ES,es;q=0.8,en-US;q=0.5,en;q=0.3**Accept-Encoding: gzip, deflate**Cookie: _ga=GA1.1.347783566.1432386567**Connection: keep-alive****:3
NOT FOUND: failed to open file:favicon.ico
 INFO: request:GET /a.png HTTP/1.1**Host: localhost:8086**User-Agent: Mozilla/5.0 (X11; Linux x86_64; rv:37.0) Gecko/20100101 Firefox/37.0**Accept: text/html,application/xhtml+xml,application/xml;q=0.9,*/*;q=0.8**Accept-Language: es-ES,es;q=0.8,en-US;q=0.5,en;q=0.3**Accept-Encoding: gzip, deflate**Cookie: _ga=GA1.1.347783566.1432386567**Connection: keep-alive****:4
 INFO: SEND:a.png:4
 INFO: Header:HTTP/1.1 200 OK
Server: nweb/23.0
Content-Length: 118626
Connection: close
Content-Type: image/png

:4
 INFO: request:GET /a.png?a=1 HTTP/1.1**Host: localhost:8086**User-Agent: Mozilla/5.0 (X11; Linux x86_64; rv:37.0) Gecko/20100101 Firefox/37.0**Accept: text/html,application/xhtml+xml,application/xml;q=0.9,*/*;q=0.8**Accept-Language: es-ES,es;q=0.8,en-US;q=0.5,en;q=0.3**Accept-Encoding: gzip, deflate**Cookie: _ga=GA1.1.347783566.1432386567**Connection: keep-alive****:5
FORBIDDEN: file extension type not supported:GET /a.png?a=1
 INFO: request:GET /a.png HTTP/1.1**Host: localhost:8086**User-Agent: Mozilla/5.0 (X11; Linux x86_64; rv:37.0) Gecko/20100101 Firefox/37.0**Accept: text/html,application/xhtml+xml,application/xml;q=0.9,*/*;q=0.8**Accept-Language: es-ES,es;q=0.8,en-US;q=0.5,en;q=0.3**Accept-Encoding: gzip, deflate**Cookie: _ga=GA1.1.347783566.1432386567**Connection: keep-alive****:6
 INFO: SEND:a.png:6
 INFO: Header:HTTP/1.1 200 OK
Server: nweb/23.0
Content-Length: 118626
Connection: close
Content-Type: image/png

:6
 INFO: request:GET /a.png HTTP/1.1**Host: localhost:8086**User-Agent: Mozilla/5.0 (X11; Linux x86_64; rv:37.0) Gecko/20100101 Firefox/37.0**Accept: text/html,application/xhtml+xml,application/xml;q=0.9,*/*;q=0.8**Accept-Language: es-ES,es;q=0.8,en-US;q=0.5,en;q=0.3**Accept-Encoding: gzip, deflate**Cookie: _ga=GA1.1.347783566.1432386567**Connection: keep-alive****:7
 INFO: SEND:a.png:7
 INFO: Header:HTTP/1.1 200 OK
Server: nweb/23.0
Content-Length: 118626
Connection: close
Content-Type: image/png

:7
 INFO: nweb starting:8088:21570
ERROR: system call:bind Errno=98 exiting pid=21570
 INFO: request:GET /a.png HTTP/1.1**Host: localhost:8088**User-Agent: Mozilla/5.0 (X11; Linux x86_64; rv:37.0) Gecko/20100101 Firefox/37.0**Accept: text/html,application/xhtml+xml,application/xml;q=0.9,*/*;q=0.8**Accept-Language: es-ES,es;q=0.8,en-US;q=0.5,en;q=0.3**Accept-Encoding: gzip, deflate**Cookie: _ga=GA1.1.347783566.1432386567**Connection: keep-alive****:4
 INFO: SEND:a.png:4
 INFO: Header:HTTP/1.1 200 OK
Server: nweb/23.0
Content-Length: 118626
Connection: close
Content-Type: image/png

:4
 INFO: nweb starting:8084:19239
 INFO: request:GET /a.png HTTP/1.1**Host: localhost:8084**User-Agent: Mozilla/5.0 (X11; Linux x86_64; rv:37.0) Gecko/20100101 Firefox/37.0**Accept: text/html,application/xhtml+xml,application/xml;q=0.9,*/*;q=0.8**Accept-Language: es-ES,es;q=0.8,en-US;q=0.5,en;q=0.3**Accept-Encoding: gzip, deflate**Cookie: _ga=GA1.1.347783566.1432386567**Connection: keep-alive****:1
 INFO: request:GET /a.png HTTP/1.1**Host: localhost:8084**User-Agent: Mozilla/5.0 (X11; Linux x86_64; rv:37.0) Gecko/20100101 Firefox/37.0**Accept: text/html,application/xhtml+xml,application/xml;q=0.9,*/*;q=0.8**Accept-Language: es-ES,es;q=0.8,en-US;q=0.5,en;q=0.3**Accept-Encoding: gzip, deflate**Cookie: _ga=GA1.1.347783566.1432386567**Connection: keep-alive****:2
 INFO: request:GET /a.png HTTP/1.1**Host: localhost:8084**User-Agent: Mozilla/5.0 (X11; Linux x86_64; rv:37.0) Gecko/20100101 Firefox/37.0**Accept: text/html,application/xhtml+xml,application/xml;q=0.9,*/*;q=0.8**Accept-Language: es-ES,es;q=0.8,en-US;q=0.5,en;q=0.3**Accept-Encoding: gzip, deflate**Cookie: _ga=GA1.1.347783566.1432386567**Connection: keep-alive****:3
 INFO: request:GET /a.png HTTP/1.1**Host: localhost:8084**User-Agent: Mozilla/5.0 (X11; Linux x86_64; rv:37.0) Gecko/20100101 Firefox/37.0**Accept: text/html,application/xhtml+xml,application/xml;q=0.9,*/*;q=0.8**Accept-Language: es-ES,es;q=0.8,en-US;q=0.5,en;q=0.3**Accept-Encoding: gzip, deflate**Cookie: _ga=GA1.1.347783566.1432386567**Connection: keep-alive****:4
 INFO: nweb starting:8084:5036
ERROR: system call:bind Errno=98 exiting pid=5036
 INFO: request:GET /a.png HTTP/1.1**Host: localhost:8084**User-Agent: Mozilla/5.0 (X11; Linux x86_64; rv:37.0) Gecko/20100101 Firefox/37.0**Accept: text/html,application/xhtml+xml,application/xml;q=0.9,*/*;q=0.8**Accept-Language: es-ES,es;q=0.8,en-US;q=0.5,en;q=0.3**Accept-Encoding: gzip, deflate**Cookie: _ga=GA1.1.347783566.1432386567**Connection: keep-alive****:5
 INFO: request:GET /a.png HTTP/1.1**Host: localhost:8084**User-Agent: Mozilla/5.0 (X11; Linux x86_64; rv:37.0) Gecko/20100101 Firefox/37.0**Accept: text/html,application/xhtml+xml,application/xml;q=0.9,*/*;q=0.8**Accept-Language: es-ES,es;q=0.8,en-US;q=0.5,en;q=0.3**Accept-Encoding: gzip, deflate**Cookie: _ga=GA1.1.347783566.1432386567**Connection: keep-alive****:6
 INFO: request:GET /a.png HTTP/1.1**Host: localhost:8084**User-Agent: Mozilla/5.0 (X11; Linux x86_64; rv:37.0) Gecko/20100101 Firefox/37.0**Accept: text/html,application/xhtml+xml,application/xml;q=0.9,*/*;q=0.8**Accept-Language: es-ES,es;q=0.8,en-US;q=0.5,en;q=0.3**Accept-Encoding: gzip, deflate**Cookie: _ga=GA1.1.347783566.1432386567**Connection: keep-alive****:7
 INFO: request:GET /a.png HTTP/1.1**Host: localhost:8084**User-Agent: Mozilla/5.0 (X11; Linux x86_64; rv:37.0) Gecko/20100101 Firefox/37.0**Accept: text/html,application/xhtml+xml,application/xml;q=0.9,*/*;q=0.8**Accept-Language: es-ES,es;q=0.8,en-US;q=0.5,en;q=0.3**Accept-Encoding: gzip, deflate**Cookie: _ga=GA1.1.347783566.1432386567**Connection: keep-alive****:8
 INFO: request:GET /a.png HTTP/1.1**Host: localhost:8084**User-Agent: Mozilla/5.0 (X11; Linux x86_64; rv:37.0) Gecko/20100101 Firefox/37.0**Accept: text/html,application/xhtml+xml,application/xml;q=0.9,*/*;q=0.8**Accept-Language: es-ES,es;q=0.8,en-US;q=0.5,en;q=0.3**Accept-Encoding: gzip, deflate**Cookie: _ga=GA1.1.347783566.1432386567**Connection: keep-alive****:9
 INFO: request:GET /a.png HTTP/1.1**Host: localhost:8084**User-Agent: Mozilla/5.0 (X11; Linux x86_64; rv:37.0) Gecko/20100101 Firefox/37.0**Accept: text/html,application/xhtml+xml,application/xml;q=0.9,*/*;q=0.8**Accept-Language: es-ES,es;q=0.8,en-US;q=0.5,en;q=0.3**Accept-Encoding: gzip, deflate**Cookie: _ga=GA1.1.347783566.1432386567**Connection: keep-alive****:10
 INFO: request:GET /a.png HTTP/1.1**Host: localhost:8084**User-Agent: Mozilla/5.0 (X11; Linux x86_64; rv:37.0) Gecko/20100101 Firefox/37.0**Accept: text/html,application/xhtml+xml,application/xml;q=0.9,*/*;q=0.8**Accept-Language: es-ES,es;q=0.8,en-US;q=0.5,en;q=0.3**Accept-Encoding: gzip, deflate**Cookie: _ga=GA1.1.347783566.1432386567**Connection: keep-alive****:11
 INFO: request:GET /a.png HTTP/1.1**Host: localhost:8084**User-Agent: Mozilla/5.0 (X11; Linux x86_64; rv:37.0) Gecko/20100101 Firefox/37.0**Accept: text/html,application/xhtml+xml,application/xml;q=0.9,*/*;q=0.8**Accept-Language: es-ES,es;q=0.8,en-US;q=0.5,en;q=0.3**Accept-Encoding: gzip, deflate**Cookie: _ga=GA1.1.347783566.1432386567**Connection: keep-alive****:12
 INFO: request:GET /a.png HTTP/1.1**Host: localhost:8084**User-Agent: Mozilla/5.0 (X11; Linux x86_64; rv:37.0) Gecko/20100101 Firefox/37.0**Accept: text/html,application/xhtml+xml,application/xml;q=0.9,*/*;q=0.8**Accept-Language: es-ES,es;q=0.8,en-US;q=0.5,en;q=0.3**Accept-Encoding: gzip, deflate**Cookie: _ga=GA1.1.347783566.1432386567**Connection: keep-alive****:13
 INFO: request:GET /a.png HTTP/1.1**Host: localhost:8084**User-Agent: Mozilla/5.0 (X11; Linux x86_64; rv:37.0) Gecko/20100101 Firefox/37.0**Accept: text/html,application/xhtml+xml,application/xml;q=0.9,*/*;q=0.8**Accept-Language: es-ES,es;q=0.8,en-US;q=0.5,en;q=0.3**Accept-Encoding: gzip, deflate**Cookie: _ga=GA1.1.347783566.1432386567**Connection: keep-alive****:14
 INFO: request:GET /a.png HTTP/1.1**Host: localhost:8084**User-Agent: Mozilla/5.0 (X11; Linux x86_64; rv:37.0) Gecko/20100101 Firefox/37.0**Accept: text/html,application/xhtml+xml,application/xml;q=0.9,*/*;q=0.8**Accept-Language: es-ES,es;q=0.8,en-US;q=0.5,en;q=0.3**Accept-Encoding: gzip, deflate**Cookie: _ga=GA1.1.347783566.1432386567**Connection: keep-alive****:15
 INFO: request:GET /a.png HTTP/1.1**Host: localhost:8084**User-Agent: Mozilla/5.0 (X11; Linux x86_64; rv:37.0) Gecko/20100101 Firefox/37.0**Accept: text/html,application/xhtml+xml,application/xml;q=0.9,*/*;q=0.8**Accept-Language: es-ES,es;q=0.8,en-US;q=0.5,en;q=0.3**Accept-Encoding: gzip, deflate**Cookie: _ga=GA1.1.347783566.1432386567**Connection: keep-alive****:16
 INFO: request:GET /a.png HTTP/1.1**Host: localhost:8084**User-Agent: Mozilla/5.0 (X11; Linux x86_64; rv:37.0) Gecko/20100101 Firefox/37.0**Accept: text/html,application/xhtml+xml,application/xml;q=0.9,*/*;q=0.8**Accept-Language: es-ES,es;q=0.8,en-US;q=0.5,en;q=0.3**Accept-Encoding: gzip, deflate**Cookie: _ga=GA1.1.347783566.1432386567**Connection: keep-alive****:17
 INFO: request:GET /a.png HTTP/1.1**Host: localhost:8084**User-Agent: Mozilla/5.0 (X11; Linux x86_64; rv:37.0) Gecko/20100101 Firefox/37.0**Accept: text/html,application/xhtml+xml,application/xml;q=0.9,*/*;q=0.8**Accept-Language: es-ES,es;q=0.8,en-US;q=0.5,en;q=0.3**Accept-Encoding: gzip, deflate**Cookie: _ga=GA1.1.347783566.1432386567**Connection: keep-alive****:18
 INFO: request:GET /a.png HTTP/1.1**Host: localhost:8084**User-Agent: Mozilla/5.0 (X11; Linux x86_64; rv:37.0) Gecko/20100101 Firefox/37.0**Accept: text/html,application/xhtml+xml,application/xml;q=0.9,*/*;q=0.8**Accept-Language: es-ES,es;q=0.8,en-US;q=0.5,en;q=0.3**Accept-Encoding: gzip, deflate**Cookie: _ga=GA1.1.347783566.1432386567**Connection: keep-alive****:19
 INFO: request:GET /a.png HTTP/1.1**Host: localhost:8084**User-Agent: Mozilla/5.0 (X11; Linux x86_64; rv:37.0) Gecko/20100101 Firefox/37.0**Accept: text/html,application/xhtml+xml,application/xml;q=0.9,*/*;q=0.8**Accept-Language: es-ES,es;q=0.8,en-US;q=0.5,en;q=0.3**Accept-Encoding: gzip, deflate**Cookie: _ga=GA1.1.347783566.1432386567**Connection: keep-alive****:20
 INFO: request:GET /a.png HTTP/1.1**Host: localhost:8084**User-Agent: Mozilla/5.0 (X11; Linux x86_64; rv:37.0) Gecko/20100101 Firefox/37.0**Accept: text/html,application/xhtml+xml,application/xml;q=0.9,*/*;q=0.8**Accept-Language: es-ES,es;q=0.8,en-US;q=0.5,en;q=0.3**Accept-Encoding: gzip, deflate**Cookie: _ga=GA1.1.347783566.1432386567**Connection: keep-alive****:21
 INFO: request:GET /a.png HTTP/1.1**Host: localhost:8084**User-Agent: Mozilla/5.0 (X11; Linux x86_64; rv:37.0) Gecko/20100101 Firefox/37.0**Accept: text/html,application/xhtml+xml,application/xml;q=0.9,*/*;q=0.8**Accept-Language: es-ES,es;q=0.8,en-US;q=0.5,en;q=0.3**Accept-Encoding: gzip, deflate**Cookie: _ga=GA1.1.347783566.1432386567**Connection: keep-alive****:22
 INFO: request:GET / HTTP/1.1**Host: localhost:8084**User-Agent: Mozilla/5.0 (X11; Linux x86_64; rv:37.0) Gecko/20100101 Firefox/37.0**Accept: text/html,application/xhtml+xml,application/xml;q=0.9,*/*;q=0.8**Accept-Language: es-ES,es;q=0.8,en-US;q=0.5,en;q=0.3**Accept-Encoding: gzip, deflate**Cookie: _ga=GA1.1.347783566.1432386567**Connection: keep-alive****:23
 INFO: request:GET / HTTP/1.1**Host: localhost:8084**User-Agent: Mozilla/5.0 (X11; Linux x86_64; rv:37.0) Gecko/20100101 Firefox/37.0**Accept: text/html,application/xhtml+xml,application/xml;q=0.9,*/*;q=0.8**Accept-Language: es-ES,es;q=0.8,en-US;q=0.5,en;q=0.3**Accept-Encoding: gzip, deflate**Cookie: _ga=GA1.1.347783566.1432386567**Connection: keep-alive****:24
 INFO: nweb starting:8086:5646
ERROR: system call:bind Errno=98 exiting pid=5646
 INFO: request:GET / HTTP/1.1**Host: localhost:8086**User-Agent: Mozilla/5.0 (X11; Linux x86_64; rv:37.0) Gecko/20100101 Firefox/37.0**Accept: text/html,application/xhtml+xml,application/xml;q=0.9,*/*;q=0.8**Accept-Language: es-ES,es;q=0.8,en-US;q=0.5,en;q=0.3**Accept-Encoding: gzip, deflate**Cookie: _ga=GA1.1.347783566.1432386567**Connection: keep-alive****:8
NOT FOUND: failed to open file:index.html
 INFO: request:GET /a.png HTTP/1.1**Host: localhost:8086**User-Agent: Mozilla/5.0 (X11; Linux x86_64; rv:37.0) Gecko/20100101 Firefox/37.0**Accept: text/html,application/xhtml+xml,application/xml;q=0.9,*/*;q=0.8**Accept-Language: es-ES,es;q=0.8,en-US;q=0.5,en;q=0.3**Accept-Encoding: gzip, deflate**Cookie: _ga=GA1.1.347783566.1432386567**Connection: keep-alive****:9
 INFO: SEND:a.png:9
 INFO: Header:HTTP/1.1 200 OK
Server: nweb/23.0
Content-Length: 118626
Connection: close
Content-Type: image/png

:9
 INFO: nweb starting:8086:15881
ERROR: system call:bind Errno=98 exiting pid=15881
 INFO: nweb starting:8086:4679
ERROR: system call:bind Errno=98 exiting pid=4679
 INFO: nweb starting:8086:8411
ERROR: system call:bind Errno=98 exiting pid=8411
 INFO: nweb starting:8186:24310
 INFO: request:GET /a.png HTTP/1.1**Host: localhost:8186**User-Agent: Mozilla/5.0 (X11; Linux x86_64; rv:37.0) Gecko/20100101 Firefox/37.0**Accept: text/html,application/xhtml+xml,application/xml;q=0.9,*/*;q=0.8**Accept-Language: es-ES,es;q=0.8,en-US;q=0.5,en;q=0.3**Accept-Encoding: gzip, deflate**Cookie: _ga=GA1.1.347783566.1432386567**Connection: keep-alive****:2
